The system is: Linux - 3.13.0-32-generic - x86_64
Compiling the C compiler identification source file "CMakeCCompilerId.c" succeeded.
Compiler: /usr/bin/cc 
Build flags: 
Id flags: 

The output was:
0


Compilation of the C compiler identification source "CMakeCCompilerId.c" produced "a.out"

The C compiler identification is GNU, found in "/home/redsphinx/Projects/APC1/streetSoccerModule/build-naoqi-sdk/CMakeFiles/2.8.12.2/CompilerIdC/a.out"

Compiling the CXX compiler identification source file "CMakeCXXCompilerId.cpp" succeeded.
Compiler: /usr/bin/c++ 
Build flags: 
Id flags: 

The output was:
0


Compilation of the CXX compiler identification source "CMakeCXXCompilerId.cpp" produced "a.out"

The CXX compiler identification is GNU, found in "/home/redsphinx/Projects/APC1/streetSoccerModule/build-naoqi-sdk/CMakeFiles/2.8.12.2/CompilerIdCXX/a.out"

Determining if the C compiler works passed with the following output:
Change Dir: /home/redsphinx/Projects/APC1/streetSoccerModule/build-naoqi-sdk/CMakeFiles/CMakeTmp

Run Build Command:/usr/bin/make "cmTryCompileExec1998009453/fast"
/usr/bin/make -f CMakeFiles/cmTryCompileExec1998009453.dir/build.make CMakeFiles/cmTryCompileExec1998009453.dir/build
make[1]: Entering directory `/home/redsphinx/Projects/APC1/streetSoccerModule/build-naoqi-sdk/CMakeFiles/CMakeTmp'
/usr/bin/cmake -E cmake_progress_report /home/redsphinx/Projects/APC1/streetSoccerModule/build-naoqi-sdk/CMakeFiles/CMakeTmp/CMakeFiles 1
Building C object CMakeFiles/cmTryCompileExec1998009453.dir/testCCompiler.c.o
/usr/bin/cc    -o CMakeFiles/cmTryCompileExec1998009453.dir/testCCompiler.c.o   -c /home/redsphinx/Projects/APC1/streetSoccerModule/build-naoqi-sdk/CMakeFiles/CMakeTmp/testCCompiler.c
Linking C executable cmTryCompileExec1998009453
/usr/bin/cmake -E cmake_link_script CMakeFiles/cmTryCompileExec1998009453.dir/link.txt --verbose=1
/usr/bin/cc       CMakeFiles/cmTryCompileExec1998009453.dir/testCCompiler.c.o  -o cmTryCompileExec1998009453 -rdynamic 
make[1]: Leaving directory `/home/redsphinx/Projects/APC1/streetSoccerModule/build-naoqi-sdk/CMakeFiles/CMakeTmp'


Detecting C compiler ABI info compiled with the following output:
Change Dir: /home/redsphinx/Projects/APC1/streetSoccerModule/build-naoqi-sdk/CMakeFiles/CMakeTmp

Run Build Command:/usr/bin/make "cmTryCompileExec1292246646/fast"
/usr/bin/make -f CMakeFiles/cmTryCompileExec1292246646.dir/build.make CMakeFiles/cmTryCompileExec1292246646.dir/build
make[1]: Entering directory `/home/redsphinx/Projects/APC1/streetSoccerModule/build-naoqi-sdk/CMakeFiles/CMakeTmp'
/usr/bin/cmake -E cmake_progress_report /home/redsphinx/Projects/APC1/streetSoccerModule/build-naoqi-sdk/CMakeFiles/CMakeTmp/CMakeFiles 1
Building C object CMakeFiles/cmTryCompileExec1292246646.dir/CMakeCCompilerABI.c.o
/usr/bin/cc    -o CMakeFiles/cmTryCompileExec1292246646.dir/CMakeCCompilerABI.c.o   -c /usr/share/cmake-2.8/Modules/CMakeCCompilerABI.c
Linking C executable cmTryCompileExec1292246646
/usr/bin/cmake -E cmake_link_script CMakeFiles/cmTryCompileExec1292246646.dir/link.txt --verbose=1
/usr/bin/cc     -v CMakeFiles/cmTryCompileExec1292246646.dir/CMakeCCompilerABI.c.o  -o cmTryCompileExec1292246646 -rdynamic  
Using built-in specs.
COLLECT_GCC=/usr/bin/cc
COLLECT_LTO_WRAPPER=/usr/lib/gcc/x86_64-linux-gnu/4.8/lto-wrapper
Target: x86_64-linux-gnu
Configured with: ../src/configure -v --with-pkgversion='Ubuntu 4.8.2-19ubuntu1' --with-bugurl=file:///usr/share/doc/gcc-4.8/README.Bugs --enable-languages=c,c++,java,go,d,fortran,objc,obj-c++ --prefix=/usr --program-suffix=-4.8 --enable-shared --enable-linker-build-id --libexecdir=/usr/lib --without-included-gettext --enable-threads=posix --with-gxx-include-dir=/usr/include/c++/4.8 --libdir=/usr/lib --enable-nls --with-sysroot=/ --enable-clocale=gnu --enable-libstdcxx-debug --enable-libstdcxx-time=yes --enable-gnu-unique-object --disable-libmudflap --enable-plugin --with-system-zlib --disable-browser-plugin --enable-java-awt=gtk --enable-gtk-cairo --with-java-home=/usr/lib/jvm/java-1.5.0-gcj-4.8-amd64/jre --enable-java-home --with-jvm-root-dir=/usr/lib/jvm/java-1.5.0-gcj-4.8-amd64 --with-jvm-jar-dir=/usr/lib/jvm-exports/java-1.5.0-gcj-4.8-amd64 --with-arch-directory=amd64 --with-ecj-jar=/usr/share/java/eclipse-ecj.jar --enable-objc-gc --enable-multiarch --disable-werror --with-arch-32=i686 --with-abi=m64 --with-multilib-list=m32,m64,mx32 --with-tune=generic --enable-checking=release --build=x86_64-linux-gnu --host=x86_64-linux-gnu --target=x86_64-linux-gnu
Thread model: posix
gcc version 4.8.2 (Ubuntu 4.8.2-19ubuntu1) 
COMPILER_PATH=/usr/lib/gcc/x86_64-linux-gnu/4.8/:/usr/lib/gcc/x86_64-linux-gnu/4.8/:/usr/lib/gcc/x86_64-linux-gnu/:/usr/lib/gcc/x86_64-linux-gnu/4.8/:/usr/lib/gcc/x86_64-linux-gnu/
LIBRARY_PATH=/usr/lib/gcc/x86_64-linux-gnu/4.8/:/usr/lib/gcc/x86_64-linux-gnu/4.8/../../../x86_64-linux-gnu/:/usr/lib/gcc/x86_64-linux-gnu/4.8/../../../../lib/:/lib/x86_64-linux-gnu/:/lib/../lib/:/usr/lib/x86_64-linux-gnu/:/usr/lib/../lib/:/usr/lib/gcc/x86_64-linux-gnu/4.8/../../../:/lib/:/usr/lib/
COLLECT_GCC_OPTIONS='-v' '-o' 'cmTryCompileExec1292246646' '-rdynamic' '-mtune=generic' '-march=x86-64'
 /usr/lib/gcc/x86_64-linux-gnu/4.8/collect2 --sysroot=/ --build-id --eh-frame-hdr -m elf_x86_64 --hash-style=gnu --as-needed -export-dynamic -dynamic-linker /lib64/ld-linux-x86-64.so.2 -z relro -o cmTryCompileExec1292246646 /usr/lib/gcc/x86_64-linux-gnu/4.8/../../../x86_64-linux-gnu/crt1.o /usr/lib/gcc/x86_64-linux-gnu/4.8/../../../x86_64-linux-gnu/crti.o /usr/lib/gcc/x86_64-linux-gnu/4.8/crtbegin.o -L/usr/lib/gcc/x86_64-linux-gnu/4.8 -L/usr/lib/gcc/x86_64-linux-gnu/4.8/../../../x86_64-linux-gnu -L/usr/lib/gcc/x86_64-linux-gnu/4.8/../../../../lib -L/lib/x86_64-linux-gnu -L/lib/../lib -L/usr/lib/x86_64-linux-gnu -L/usr/lib/../lib -L/usr/lib/gcc/x86_64-linux-gnu/4.8/../../.. CMakeFiles/cmTryCompileExec1292246646.dir/CMakeCCompilerABI.c.o -lgcc --as-needed -lgcc_s --no-as-needed -lc -lgcc --as-needed -lgcc_s --no-as-needed /usr/lib/gcc/x86_64-linux-gnu/4.8/crtend.o /usr/lib/gcc/x86_64-linux-gnu/4.8/../../../x86_64-linux-gnu/crtn.o
make[1]: Leaving directory `/home/redsphinx/Projects/APC1/streetSoccerModule/build-naoqi-sdk/CMakeFiles/CMakeTmp'


Parsed C implicit link information from above output:
  link line regex: [^( *|.*[/\])(ld|([^/\]+-)?ld|collect2)[^/\]*( |$)]
  ignore line: [Change Dir: /home/redsphinx/Projects/APC1/streetSoccerModule/build-naoqi-sdk/CMakeFiles/CMakeTmp]
  ignore line: []
  ignore line: [Run Build Command:/usr/bin/make "cmTryCompileExec1292246646/fast"]
  ignore line: [/usr/bin/make -f CMakeFiles/cmTryCompileExec1292246646.dir/build.make CMakeFiles/cmTryCompileExec1292246646.dir/build]
  ignore line: [make[1]: Entering directory `/home/redsphinx/Projects/APC1/streetSoccerModule/build-naoqi-sdk/CMakeFiles/CMakeTmp']
  ignore line: [/usr/bin/cmake -E cmake_progress_report /home/redsphinx/Projects/APC1/streetSoccerModule/build-naoqi-sdk/CMakeFiles/CMakeTmp/CMakeFiles 1]
  ignore line: [Building C object CMakeFiles/cmTryCompileExec1292246646.dir/CMakeCCompilerABI.c.o]
  ignore line: [/usr/bin/cc    -o CMakeFiles/cmTryCompileExec1292246646.dir/CMakeCCompilerABI.c.o   -c /usr/share/cmake-2.8/Modules/CMakeCCompilerABI.c]
  ignore line: [Linking C executable cmTryCompileExec1292246646]
  ignore line: [/usr/bin/cmake -E cmake_link_script CMakeFiles/cmTryCompileExec1292246646.dir/link.txt --verbose=1]
  ignore line: [/usr/bin/cc     -v CMakeFiles/cmTryCompileExec1292246646.dir/CMakeCCompilerABI.c.o  -o cmTryCompileExec1292246646 -rdynamic  ]
  ignore line: [Using built-in specs.]
  ignore line: [COLLECT_GCC=/usr/bin/cc]
  ignore line: [COLLECT_LTO_WRAPPER=/usr/lib/gcc/x86_64-linux-gnu/4.8/lto-wrapper]
  ignore line: [Target: x86_64-linux-gnu]
  ignore line: [Configured with: ../src/configure -v --with-pkgversion='Ubuntu 4.8.2-19ubuntu1' --with-bugurl=file:///usr/share/doc/gcc-4.8/README.Bugs --enable-languages=c,c++,java,go,d,fortran,objc,obj-c++ --prefix=/usr --program-suffix=-4.8 --enable-shared --enable-linker-build-id --libexecdir=/usr/lib --without-included-gettext --enable-threads=posix --with-gxx-include-dir=/usr/include/c++/4.8 --libdir=/usr/lib --enable-nls --with-sysroot=/ --enable-clocale=gnu --enable-libstdcxx-debug --enable-libstdcxx-time=yes --enable-gnu-unique-object --disable-libmudflap --enable-plugin --with-system-zlib --disable-browser-plugin --enable-java-awt=gtk --enable-gtk-cairo --with-java-home=/usr/lib/jvm/java-1.5.0-gcj-4.8-amd64/jre --enable-java-home --with-jvm-root-dir=/usr/lib/jvm/java-1.5.0-gcj-4.8-amd64 --with-jvm-jar-dir=/usr/lib/jvm-exports/java-1.5.0-gcj-4.8-amd64 --with-arch-directory=amd64 --with-ecj-jar=/usr/share/java/eclipse-ecj.jar --enable-objc-gc --enable-multiarch --disable-werror --with-arch-32=i686 --with-abi=m64 --with-multilib-list=m32,m64,mx32 --with-tune=generic --enable-checking=release --build=x86_64-linux-gnu --host=x86_64-linux-gnu --target=x86_64-linux-gnu]
  ignore line: [Thread model: posix]
  ignore line: [gcc version 4.8.2 (Ubuntu 4.8.2-19ubuntu1) ]
  ignore line: [COMPILER_PATH=/usr/lib/gcc/x86_64-linux-gnu/4.8/:/usr/lib/gcc/x86_64-linux-gnu/4.8/:/usr/lib/gcc/x86_64-linux-gnu/:/usr/lib/gcc/x86_64-linux-gnu/4.8/:/usr/lib/gcc/x86_64-linux-gnu/]
  ignore line: [LIBRARY_PATH=/usr/lib/gcc/x86_64-linux-gnu/4.8/:/usr/lib/gcc/x86_64-linux-gnu/4.8/../../../x86_64-linux-gnu/:/usr/lib/gcc/x86_64-linux-gnu/4.8/../../../../lib/:/lib/x86_64-linux-gnu/:/lib/../lib/:/usr/lib/x86_64-linux-gnu/:/usr/lib/../lib/:/usr/lib/gcc/x86_64-linux-gnu/4.8/../../../:/lib/:/usr/lib/]
  ignore line: [COLLECT_GCC_OPTIONS='-v' '-o' 'cmTryCompileExec1292246646' '-rdynamic' '-mtune=generic' '-march=x86-64']
  link line: [ /usr/lib/gcc/x86_64-linux-gnu/4.8/collect2 --sysroot=/ --build-id --eh-frame-hdr -m elf_x86_64 --hash-style=gnu --as-needed -export-dynamic -dynamic-linker /lib64/ld-linux-x86-64.so.2 -z relro -o cmTryCompileExec1292246646 /usr/lib/gcc/x86_64-linux-gnu/4.8/../../../x86_64-linux-gnu/crt1.o /usr/lib/gcc/x86_64-linux-gnu/4.8/../../../x86_64-linux-gnu/crti.o /usr/lib/gcc/x86_64-linux-gnu/4.8/crtbegin.o -L/usr/lib/gcc/x86_64-linux-gnu/4.8 -L/usr/lib/gcc/x86_64-linux-gnu/4.8/../../../x86_64-linux-gnu -L/usr/lib/gcc/x86_64-linux-gnu/4.8/../../../../lib -L/lib/x86_64-linux-gnu -L/lib/../lib -L/usr/lib/x86_64-linux-gnu -L/usr/lib/../lib -L/usr/lib/gcc/x86_64-linux-gnu/4.8/../../.. CMakeFiles/cmTryCompileExec1292246646.dir/CMakeCCompilerABI.c.o -lgcc --as-needed -lgcc_s --no-as-needed -lc -lgcc --as-needed -lgcc_s --no-as-needed /usr/lib/gcc/x86_64-linux-gnu/4.8/crtend.o /usr/lib/gcc/x86_64-linux-gnu/4.8/../../../x86_64-linux-gnu/crtn.o]
    arg [/usr/lib/gcc/x86_64-linux-gnu/4.8/collect2] ==> ignore
    arg [--sysroot=/] ==> ignore
    arg [--build-id] ==> ignore
    arg [--eh-frame-hdr] ==> ignore
    arg [-m] ==> ignore
    arg [elf_x86_64] ==> ignore
    arg [--hash-style=gnu] ==> ignore
    arg [--as-needed] ==> ignore
    arg [-export-dynamic] ==> ignore
    arg [-dynamic-linker] ==> ignore
    arg [/lib64/ld-linux-x86-64.so.2] ==> ignore
    arg [-zrelro] ==> ignore
    arg [-o] ==> ignore
    arg [cmTryCompileExec1292246646] ==> ignore
    arg [/usr/lib/gcc/x86_64-linux-gnu/4.8/../../../x86_64-linux-gnu/crt1.o] ==> ignore
    arg [/usr/lib/gcc/x86_64-linux-gnu/4.8/../../../x86_64-linux-gnu/crti.o] ==> ignore
    arg [/usr/lib/gcc/x86_64-linux-gnu/4.8/crtbegin.o] ==> ignore
    arg [-L/usr/lib/gcc/x86_64-linux-gnu/4.8] ==> dir [/usr/lib/gcc/x86_64-linux-gnu/4.8]
    arg [-L/usr/lib/gcc/x86_64-linux-gnu/4.8/../../../x86_64-linux-gnu] ==> dir [/usr/lib/gcc/x86_64-linux-gnu/4.8/../../../x86_64-linux-gnu]
    arg [-L/usr/lib/gcc/x86_64-linux-gnu/4.8/../../../../lib] ==> dir [/usr/lib/gcc/x86_64-linux-gnu/4.8/../../../../lib]
    arg [-L/lib/x86_64-linux-gnu] ==> dir [/lib/x86_64-linux-gnu]
    arg [-L/lib/../lib] ==> dir [/lib/../lib]
    arg [-L/usr/lib/x86_64-linux-gnu] ==> dir [/usr/lib/x86_64-linux-gnu]
    arg [-L/usr/lib/../lib] ==> dir [/usr/lib/../lib]
    arg [-L/usr/lib/gcc/x86_64-linux-gnu/4.8/../../..] ==> dir [/usr/lib/gcc/x86_64-linux-gnu/4.8/../../..]
    arg [CMakeFiles/cmTryCompileExec1292246646.dir/CMakeCCompilerABI.c.o] ==> ignore
    arg [-lgcc] ==> lib [gcc]
    arg [--as-needed] ==> ignore
    arg [-lgcc_s] ==> lib [gcc_s]
    arg [--no-as-needed] ==> ignore
    arg [-lc] ==> lib [c]
    arg [-lgcc] ==> lib [gcc]
    arg [--as-needed] ==> ignore
    arg [-lgcc_s] ==> lib [gcc_s]
    arg [--no-as-needed] ==> ignore
    arg [/usr/lib/gcc/x86_64-linux-gnu/4.8/crtend.o] ==> ignore
    arg [/usr/lib/gcc/x86_64-linux-gnu/4.8/../../../x86_64-linux-gnu/crtn.o] ==> ignore
  remove lib [gcc]
  remove lib [gcc_s]
  remove lib [gcc]
  remove lib [gcc_s]
  collapse library dir [/usr/lib/gcc/x86_64-linux-gnu/4.8] ==> [/usr/lib/gcc/x86_64-linux-gnu/4.8]
  collapse library dir [/usr/lib/gcc/x86_64-linux-gnu/4.8/../../../x86_64-linux-gnu] ==> [/usr/lib/x86_64-linux-gnu]
  collapse library dir [/usr/lib/gcc/x86_64-linux-gnu/4.8/../../../../lib] ==> [/usr/lib]
  collapse library dir [/lib/x86_64-linux-gnu] ==> [/lib/x86_64-linux-gnu]
  collapse library dir [/lib/../lib] ==> [/lib]
  collapse library dir [/usr/lib/x86_64-linux-gnu] ==> [/usr/lib/x86_64-linux-gnu]
  collapse library dir [/usr/lib/../lib] ==> [/usr/lib]
  collapse library dir [/usr/lib/gcc/x86_64-linux-gnu/4.8/../../..] ==> [/usr/lib]
  implicit libs: [c]
  implicit dirs: [/usr/lib/gcc/x86_64-linux-gnu/4.8;/usr/lib/x86_64-linux-gnu;/usr/lib;/lib/x86_64-linux-gnu;/lib]
  implicit fwks: []


Determining if the CXX compiler works passed with the following output:
Change Dir: /home/redsphinx/Projects/APC1/streetSoccerModule/build-naoqi-sdk/CMakeFiles/CMakeTmp

Run Build Command:/usr/bin/make "cmTryCompileExec4150694404/fast"
/usr/bin/make -f CMakeFiles/cmTryCompileExec4150694404.dir/build.make CMakeFiles/cmTryCompileExec4150694404.dir/build
make[1]: Entering directory `/home/redsphinx/Projects/APC1/streetSoccerModule/build-naoqi-sdk/CMakeFiles/CMakeTmp'
/usr/bin/cmake -E cmake_progress_report /home/redsphinx/Projects/APC1/streetSoccerModule/build-naoqi-sdk/CMakeFiles/CMakeTmp/CMakeFiles 1
Building CXX object CMakeFiles/cmTryCompileExec4150694404.dir/testCXXCompiler.cxx.o
/usr/bin/c++     -o CMakeFiles/cmTryCompileExec4150694404.dir/testCXXCompiler.cxx.o -c /home/redsphinx/Projects/APC1/streetSoccerModule/build-naoqi-sdk/CMakeFiles/CMakeTmp/testCXXCompiler.cxx
Linking CXX executable cmTryCompileExec4150694404
/usr/bin/cmake -E cmake_link_script CMakeFiles/cmTryCompileExec4150694404.dir/link.txt --verbose=1
/usr/bin/c++        CMakeFiles/cmTryCompileExec4150694404.dir/testCXXCompiler.cxx.o  -o cmTryCompileExec4150694404 -rdynamic 
make[1]: Leaving directory `/home/redsphinx/Projects/APC1/streetSoccerModule/build-naoqi-sdk/CMakeFiles/CMakeTmp'


Detecting CXX compiler ABI info compiled with the following output:
Change Dir: /home/redsphinx/Projects/APC1/streetSoccerModule/build-naoqi-sdk/CMakeFiles/CMakeTmp

Run Build Command:/usr/bin/make "cmTryCompileExec2204723837/fast"
/usr/bin/make -f CMakeFiles/cmTryCompileExec2204723837.dir/build.make CMakeFiles/cmTryCompileExec2204723837.dir/build
make[1]: Entering directory `/home/redsphinx/Projects/APC1/streetSoccerModule/build-naoqi-sdk/CMakeFiles/CMakeTmp'
/usr/bin/cmake -E cmake_progress_report /home/redsphinx/Projects/APC1/streetSoccerModule/build-naoqi-sdk/CMakeFiles/CMakeTmp/CMakeFiles 1
Building CXX object CMakeFiles/cmTryCompileExec2204723837.dir/CMakeCXXCompilerABI.cpp.o
/usr/bin/c++     -o CMakeFiles/cmTryCompileExec2204723837.dir/CMakeCXXCompilerABI.cpp.o -c /usr/share/cmake-2.8/Modules/CMakeCXXCompilerABI.cpp
Linking CXX executable cmTryCompileExec2204723837
/usr/bin/cmake -E cmake_link_script CMakeFiles/cmTryCompileExec2204723837.dir/link.txt --verbose=1
/usr/bin/c++      -v CMakeFiles/cmTryCompileExec2204723837.dir/CMakeCXXCompilerABI.cpp.o  -o cmTryCompileExec2204723837 -rdynamic  
Using built-in specs.
COLLECT_GCC=/usr/bin/c++
COLLECT_LTO_WRAPPER=/usr/lib/gcc/x86_64-linux-gnu/4.8/lto-wrapper
Target: x86_64-linux-gnu
Configured with: ../src/configure -v --with-pkgversion='Ubuntu 4.8.2-19ubuntu1' --with-bugurl=file:///usr/share/doc/gcc-4.8/README.Bugs --enable-languages=c,c++,java,go,d,fortran,objc,obj-c++ --prefix=/usr --program-suffix=-4.8 --enable-shared --enable-linker-build-id --libexecdir=/usr/lib --without-included-gettext --enable-threads=posix --with-gxx-include-dir=/usr/include/c++/4.8 --libdir=/usr/lib --enable-nls --with-sysroot=/ --enable-clocale=gnu --enable-libstdcxx-debug --enable-libstdcxx-time=yes --enable-gnu-unique-object --disable-libmudflap --enable-plugin --with-system-zlib --disable-browser-plugin --enable-java-awt=gtk --enable-gtk-cairo --with-java-home=/usr/lib/jvm/java-1.5.0-gcj-4.8-amd64/jre --enable-java-home --with-jvm-root-dir=/usr/lib/jvm/java-1.5.0-gcj-4.8-amd64 --with-jvm-jar-dir=/usr/lib/jvm-exports/java-1.5.0-gcj-4.8-amd64 --with-arch-directory=amd64 --with-ecj-jar=/usr/share/java/eclipse-ecj.jar --enable-objc-gc --enable-multiarch --disable-werror --with-arch-32=i686 --with-abi=m64 --with-multilib-list=m32,m64,mx32 --with-tune=generic --enable-checking=release --build=x86_64-linux-gnu --host=x86_64-linux-gnu --target=x86_64-linux-gnu
Thread model: posix
gcc version 4.8.2 (Ubuntu 4.8.2-19ubuntu1) 
COMPILER_PATH=/usr/lib/gcc/x86_64-linux-gnu/4.8/:/usr/lib/gcc/x86_64-linux-gnu/4.8/:/usr/lib/gcc/x86_64-linux-gnu/:/usr/lib/gcc/x86_64-linux-gnu/4.8/:/usr/lib/gcc/x86_64-linux-gnu/
LIBRARY_PATH=/usr/lib/gcc/x86_64-linux-gnu/4.8/:/usr/lib/gcc/x86_64-linux-gnu/4.8/../../../x86_64-linux-gnu/:/usr/lib/gcc/x86_64-linux-gnu/4.8/../../../../lib/:/lib/x86_64-linux-gnu/:/lib/../lib/:/usr/lib/x86_64-linux-gnu/:/usr/lib/../lib/:/usr/lib/gcc/x86_64-linux-gnu/4.8/../../../:/lib/:/usr/lib/
COLLECT_GCC_OPTIONS='-v' '-o' 'cmTryCompileExec2204723837' '-rdynamic' '-shared-libgcc' '-mtune=generic' '-march=x86-64'
 /usr/lib/gcc/x86_64-linux-gnu/4.8/collect2 --sysroot=/ --build-id --eh-frame-hdr -m elf_x86_64 --hash-style=gnu --as-needed -export-dynamic -dynamic-linker /lib64/ld-linux-x86-64.so.2 -z relro -o cmTryCompileExec2204723837 /usr/lib/gcc/x86_64-linux-gnu/4.8/../../../x86_64-linux-gnu/crt1.o /usr/lib/gcc/x86_64-linux-gnu/4.8/../../../x86_64-linux-gnu/crti.o /usr/lib/gcc/x86_64-linux-gnu/4.8/crtbegin.o -L/usr/lib/gcc/x86_64-linux-gnu/4.8 -L/usr/lib/gcc/x86_64-linux-gnu/4.8/../../../x86_64-linux-gnu -L/usr/lib/gcc/x86_64-linux-gnu/4.8/../../../../lib -L/lib/x86_64-linux-gnu -L/lib/../lib -L/usr/lib/x86_64-linux-gnu -L/usr/lib/../lib -L/usr/lib/gcc/x86_64-linux-gnu/4.8/../../.. CMakeFiles/cmTryCompileExec2204723837.dir/CMakeCXXCompilerABI.cpp.o -lstdc++ -lm -lgcc_s -lgcc -lc -lgcc_s -lgcc /usr/lib/gcc/x86_64-linux-gnu/4.8/crtend.o /usr/lib/gcc/x86_64-linux-gnu/4.8/../../../x86_64-linux-gnu/crtn.o
make[1]: Leaving directory `/home/redsphinx/Projects/APC1/streetSoccerModule/build-naoqi-sdk/CMakeFiles/CMakeTmp'


Parsed CXX implicit link information from above output:
  link line regex: [^( *|.*[/\])(ld|([^/\]+-)?ld|collect2)[^/\]*( |$)]
  ignore line: [Change Dir: /home/redsphinx/Projects/APC1/streetSoccerModule/build-naoqi-sdk/CMakeFiles/CMakeTmp]
  ignore line: []
  ignore line: [Run Build Command:/usr/bin/make "cmTryCompileExec2204723837/fast"]
  ignore line: [/usr/bin/make -f CMakeFiles/cmTryCompileExec2204723837.dir/build.make CMakeFiles/cmTryCompileExec2204723837.dir/build]
  ignore line: [make[1]: Entering directory `/home/redsphinx/Projects/APC1/streetSoccerModule/build-naoqi-sdk/CMakeFiles/CMakeTmp']
  ignore line: [/usr/bin/cmake -E cmake_progress_report /home/redsphinx/Projects/APC1/streetSoccerModule/build-naoqi-sdk/CMakeFiles/CMakeTmp/CMakeFiles 1]
  ignore line: [Building CXX object CMakeFiles/cmTryCompileExec2204723837.dir/CMakeCXXCompilerABI.cpp.o]
  ignore line: [/usr/bin/c++     -o CMakeFiles/cmTryCompileExec2204723837.dir/CMakeCXXCompilerABI.cpp.o -c /usr/share/cmake-2.8/Modules/CMakeCXXCompilerABI.cpp]
  ignore line: [Linking CXX executable cmTryCompileExec2204723837]
  ignore line: [/usr/bin/cmake -E cmake_link_script CMakeFiles/cmTryCompileExec2204723837.dir/link.txt --verbose=1]
  ignore line: [/usr/bin/c++      -v CMakeFiles/cmTryCompileExec2204723837.dir/CMakeCXXCompilerABI.cpp.o  -o cmTryCompileExec2204723837 -rdynamic  ]
  ignore line: [Using built-in specs.]
  ignore line: [COLLECT_GCC=/usr/bin/c++]
  ignore line: [COLLECT_LTO_WRAPPER=/usr/lib/gcc/x86_64-linux-gnu/4.8/lto-wrapper]
  ignore line: [Target: x86_64-linux-gnu]
  ignore line: [Configured with: ../src/configure -v --with-pkgversion='Ubuntu 4.8.2-19ubuntu1' --with-bugurl=file:///usr/share/doc/gcc-4.8/README.Bugs --enable-languages=c,c++,java,go,d,fortran,objc,obj-c++ --prefix=/usr --program-suffix=-4.8 --enable-shared --enable-linker-build-id --libexecdir=/usr/lib --without-included-gettext --enable-threads=posix --with-gxx-include-dir=/usr/include/c++/4.8 --libdir=/usr/lib --enable-nls --with-sysroot=/ --enable-clocale=gnu --enable-libstdcxx-debug --enable-libstdcxx-time=yes --enable-gnu-unique-object --disable-libmudflap --enable-plugin --with-system-zlib --disable-browser-plugin --enable-java-awt=gtk --enable-gtk-cairo --with-java-home=/usr/lib/jvm/java-1.5.0-gcj-4.8-amd64/jre --enable-java-home --with-jvm-root-dir=/usr/lib/jvm/java-1.5.0-gcj-4.8-amd64 --with-jvm-jar-dir=/usr/lib/jvm-exports/java-1.5.0-gcj-4.8-amd64 --with-arch-directory=amd64 --with-ecj-jar=/usr/share/java/eclipse-ecj.jar --enable-objc-gc --enable-multiarch --disable-werror --with-arch-32=i686 --with-abi=m64 --with-multilib-list=m32,m64,mx32 --with-tune=generic --enable-checking=release --build=x86_64-linux-gnu --host=x86_64-linux-gnu --target=x86_64-linux-gnu]
  ignore line: [Thread model: posix]
  ignore line: [gcc version 4.8.2 (Ubuntu 4.8.2-19ubuntu1) ]
  ignore line: [COMPILER_PATH=/usr/lib/gcc/x86_64-linux-gnu/4.8/:/usr/lib/gcc/x86_64-linux-gnu/4.8/:/usr/lib/gcc/x86_64-linux-gnu/:/usr/lib/gcc/x86_64-linux-gnu/4.8/:/usr/lib/gcc/x86_64-linux-gnu/]
  ignore line: [LIBRARY_PATH=/usr/lib/gcc/x86_64-linux-gnu/4.8/:/usr/lib/gcc/x86_64-linux-gnu/4.8/../../../x86_64-linux-gnu/:/usr/lib/gcc/x86_64-linux-gnu/4.8/../../../../lib/:/lib/x86_64-linux-gnu/:/lib/../lib/:/usr/lib/x86_64-linux-gnu/:/usr/lib/../lib/:/usr/lib/gcc/x86_64-linux-gnu/4.8/../../../:/lib/:/usr/lib/]
  ignore line: [COLLECT_GCC_OPTIONS='-v' '-o' 'cmTryCompileExec2204723837' '-rdynamic' '-shared-libgcc' '-mtune=generic' '-march=x86-64']
  link line: [ /usr/lib/gcc/x86_64-linux-gnu/4.8/collect2 --sysroot=/ --build-id --eh-frame-hdr -m elf_x86_64 --hash-style=gnu --as-needed -export-dynamic -dynamic-linker /lib64/ld-linux-x86-64.so.2 -z relro -o cmTryCompileExec2204723837 /usr/lib/gcc/x86_64-linux-gnu/4.8/../../../x86_64-linux-gnu/crt1.o /usr/lib/gcc/x86_64-linux-gnu/4.8/../../../x86_64-linux-gnu/crti.o /usr/lib/gcc/x86_64-linux-gnu/4.8/crtbegin.o -L/usr/lib/gcc/x86_64-linux-gnu/4.8 -L/usr/lib/gcc/x86_64-linux-gnu/4.8/../../../x86_64-linux-gnu -L/usr/lib/gcc/x86_64-linux-gnu/4.8/../../../../lib -L/lib/x86_64-linux-gnu -L/lib/../lib -L/usr/lib/x86_64-linux-gnu -L/usr/lib/../lib -L/usr/lib/gcc/x86_64-linux-gnu/4.8/../../.. CMakeFiles/cmTryCompileExec2204723837.dir/CMakeCXXCompilerABI.cpp.o -lstdc++ -lm -lgcc_s -lgcc -lc -lgcc_s -lgcc /usr/lib/gcc/x86_64-linux-gnu/4.8/crtend.o /usr/lib/gcc/x86_64-linux-gnu/4.8/../../../x86_64-linux-gnu/crtn.o]
    arg [/usr/lib/gcc/x86_64-linux-gnu/4.8/collect2] ==> ignore
    arg [--sysroot=/] ==> ignore
    arg [--build-id] ==> ignore
    arg [--eh-frame-hdr] ==> ignore
    arg [-m] ==> ignore
    arg [elf_x86_64] ==> ignore
    arg [--hash-style=gnu] ==> ignore
    arg [--as-needed] ==> ignore
    arg [-export-dynamic] ==> ignore
    arg [-dynamic-linker] ==> ignore
    arg [/lib64/ld-linux-x86-64.so.2] ==> ignore
    arg [-zrelro] ==> ignore
    arg [-o] ==> ignore
    arg [cmTryCompileExec2204723837] ==> ignore
    arg [/usr/lib/gcc/x86_64-linux-gnu/4.8/../../../x86_64-linux-gnu/crt1.o] ==> ignore
    arg [/usr/lib/gcc/x86_64-linux-gnu/4.8/../../../x86_64-linux-gnu/crti.o] ==> ignore
    arg [/usr/lib/gcc/x86_64-linux-gnu/4.8/crtbegin.o] ==> ignore
    arg [-L/usr/lib/gcc/x86_64-linux-gnu/4.8] ==> dir [/usr/lib/gcc/x86_64-linux-gnu/4.8]
    arg [-L/usr/lib/gcc/x86_64-linux-gnu/4.8/../../../x86_64-linux-gnu] ==> dir [/usr/lib/gcc/x86_64-linux-gnu/4.8/../../../x86_64-linux-gnu]
    arg [-L/usr/lib/gcc/x86_64-linux-gnu/4.8/../../../../lib] ==> dir [/usr/lib/gcc/x86_64-linux-gnu/4.8/../../../../lib]
    arg [-L/lib/x86_64-linux-gnu] ==> dir [/lib/x86_64-linux-gnu]
    arg [-L/lib/../lib] ==> dir [/lib/../lib]
    arg [-L/usr/lib/x86_64-linux-gnu] ==> dir [/usr/lib/x86_64-linux-gnu]
    arg [-L/usr/lib/../lib] ==> dir [/usr/lib/../lib]
    arg [-L/usr/lib/gcc/x86_64-linux-gnu/4.8/../../..] ==> dir [/usr/lib/gcc/x86_64-linux-gnu/4.8/../../..]
    arg [CMakeFiles/cmTryCompileExec2204723837.dir/CMakeCXXCompilerABI.cpp.o] ==> ignore
    arg [-lstdc++] ==> lib [stdc++]
    arg [-lm] ==> lib [m]
    arg [-lgcc_s] ==> lib [gcc_s]
    arg [-lgcc] ==> lib [gcc]
    arg [-lc] ==> lib [c]
    arg [-lgcc_s] ==> lib [gcc_s]
    arg [-lgcc] ==> lib [gcc]
    arg [/usr/lib/gcc/x86_64-linux-gnu/4.8/crtend.o] ==> ignore
    arg [/usr/lib/gcc/x86_64-linux-gnu/4.8/../../../x86_64-linux-gnu/crtn.o] ==> ignore
  remove lib [gcc_s]
  remove lib [gcc]
  remove lib [gcc_s]
  remove lib [gcc]
  collapse library dir [/usr/lib/gcc/x86_64-linux-gnu/4.8] ==> [/usr/lib/gcc/x86_64-linux-gnu/4.8]
  collapse library dir [/usr/lib/gcc/x86_64-linux-gnu/4.8/../../../x86_64-linux-gnu] ==> [/usr/lib/x86_64-linux-gnu]
  collapse library dir [/usr/lib/gcc/x86_64-linux-gnu/4.8/../../../../lib] ==> [/usr/lib]
  collapse library dir [/lib/x86_64-linux-gnu] ==> [/lib/x86_64-linux-gnu]
  collapse library dir [/lib/../lib] ==> [/lib]
  collapse library dir [/usr/lib/x86_64-linux-gnu] ==> [/usr/lib/x86_64-linux-gnu]
  collapse library dir [/usr/lib/../lib] ==> [/usr/lib]
  collapse library dir [/usr/lib/gcc/x86_64-linux-gnu/4.8/../../..] ==> [/usr/lib]
  implicit libs: [stdc++;m;c]
  implicit dirs: [/usr/lib/gcc/x86_64-linux-gnu/4.8;/usr/lib/x86_64-linux-gnu;/usr/lib;/lib/x86_64-linux-gnu;/lib]
  implicit fwks: []


Determining if files pthread.h exist passed with the following output:
Change Dir: /home/redsphinx/Projects/APC1/streetSoccerModule/build-naoqi-sdk/CMakeFiles/CMakeTmp

Run Build Command:/usr/bin/make "cmTryCompileExec2862485960/fast"
/usr/bin/make -f CMakeFiles/cmTryCompileExec2862485960.dir/build.make CMakeFiles/cmTryCompileExec2862485960.dir/build
make[1]: Entering directory `/home/redsphinx/Projects/APC1/streetSoccerModule/build-naoqi-sdk/CMakeFiles/CMakeTmp'
/usr/bin/cmake -E cmake_progress_report /home/redsphinx/Projects/APC1/streetSoccerModule/build-naoqi-sdk/CMakeFiles/CMakeTmp/CMakeFiles 1
Building C object CMakeFiles/cmTryCompileExec2862485960.dir/CheckIncludeFiles.c.o
/usr/bin/cc    -o CMakeFiles/cmTryCompileExec2862485960.dir/CheckIncludeFiles.c.o   -c /home/redsphinx/Projects/APC1/streetSoccerModule/build-naoqi-sdk/CMakeFiles/CMakeTmp/CheckIncludeFiles.c
Linking C executable cmTryCompileExec2862485960
/usr/bin/cmake -E cmake_link_script CMakeFiles/cmTryCompileExec2862485960.dir/link.txt --verbose=1
/usr/bin/cc       CMakeFiles/cmTryCompileExec2862485960.dir/CheckIncludeFiles.c.o  -o cmTryCompileExec2862485960 -rdynamic 
make[1]: Leaving directory `/home/redsphinx/Projects/APC1/streetSoccerModule/build-naoqi-sdk/CMakeFiles/CMakeTmp'


Determining if the function pthread_create exists in the pthread passed with the following output:
Change Dir: /home/redsphinx/Projects/APC1/streetSoccerModule/build-naoqi-sdk/CMakeFiles/CMakeTmp

Run Build Command:/usr/bin/make "cmTryCompileExec1426594872/fast"
/usr/bin/make -f CMakeFiles/cmTryCompileExec1426594872.dir/build.make CMakeFiles/cmTryCompileExec1426594872.dir/build
make[1]: Entering directory `/home/redsphinx/Projects/APC1/streetSoccerModule/build-naoqi-sdk/CMakeFiles/CMakeTmp'
/usr/bin/cmake -E cmake_progress_report /home/redsphinx/Projects/APC1/streetSoccerModule/build-naoqi-sdk/CMakeFiles/CMakeTmp/CMakeFiles 1
Building C object CMakeFiles/cmTryCompileExec1426594872.dir/CheckFunctionExists.c.o
/usr/bin/cc   -DCHECK_FUNCTION_EXISTS=pthread_create   -o CMakeFiles/cmTryCompileExec1426594872.dir/CheckFunctionExists.c.o   -c /usr/share/cmake-2.8/Modules/CheckFunctionExists.c
Linking C executable cmTryCompileExec1426594872
/usr/bin/cmake -E cmake_link_script CMakeFiles/cmTryCompileExec1426594872.dir/link.txt --verbose=1
/usr/bin/cc   -DCHECK_FUNCTION_EXISTS=pthread_create    CMakeFiles/cmTryCompileExec1426594872.dir/CheckFunctionExists.c.o  -o cmTryCompileExec1426594872 -rdynamic -lpthread 
make[1]: Leaving directory `/home/redsphinx/Projects/APC1/streetSoccerModule/build-naoqi-sdk/CMakeFiles/CMakeTmp'


Determining if files pthread.h exist passed with the following output:
Change Dir: /home/redsphinx/Projects/APC1/streetSoccerModule/build-naoqi-sdk/CMakeFiles/CMakeTmp

Run Build Command:/usr/bin/make "cmTryCompileExec364577854/fast"
/usr/bin/make -f CMakeFiles/cmTryCompileExec364577854.dir/build.make CMakeFiles/cmTryCompileExec364577854.dir/build
make[1]: Entering directory `/home/redsphinx/Projects/APC1/streetSoccerModule/build-naoqi-sdk/CMakeFiles/CMakeTmp'
/usr/bin/cmake -E cmake_progress_report /home/redsphinx/Projects/APC1/streetSoccerModule/build-naoqi-sdk/CMakeFiles/CMakeTmp/CMakeFiles 1
Building C object CMakeFiles/cmTryCompileExec364577854.dir/CheckIncludeFiles.c.o
/usr/bin/cc    -o CMakeFiles/cmTryCompileExec364577854.dir/CheckIncludeFiles.c.o   -c /home/redsphinx/Projects/APC1/streetSoccerModule/build-naoqi-sdk/CMakeFiles/CMakeTmp/CheckIncludeFiles.c
Linking C executable cmTryCompileExec364577854
/usr/bin/cmake -E cmake_link_script CMakeFiles/cmTryCompileExec364577854.dir/link.txt --verbose=1
/usr/bin/cc       CMakeFiles/cmTryCompileExec364577854.dir/CheckIncludeFiles.c.o  -o cmTryCompileExec364577854 -rdynamic 
make[1]: Leaving directory `/home/redsphinx/Projects/APC1/streetSoccerModule/build-naoqi-sdk/CMakeFiles/CMakeTmp'


Determining if the function pthread_create exists in the pthread passed with the following output:
Change Dir: /home/redsphinx/Projects/APC1/streetSoccerModule/build-naoqi-sdk/CMakeFiles/CMakeTmp

Run Build Command:/usr/bin/make "cmTryCompileExec832064173/fast"
/usr/bin/make -f CMakeFiles/cmTryCompileExec832064173.dir/build.make CMakeFiles/cmTryCompileExec832064173.dir/build
make[1]: Entering directory `/home/redsphinx/Projects/APC1/streetSoccerModule/build-naoqi-sdk/CMakeFiles/CMakeTmp'
/usr/bin/cmake -E cmake_progress_report /home/redsphinx/Projects/APC1/streetSoccerModule/build-naoqi-sdk/CMakeFiles/CMakeTmp/CMakeFiles 1
Building C object CMakeFiles/cmTryCompileExec832064173.dir/CheckFunctionExists.c.o
/usr/bin/cc   -DCHECK_FUNCTION_EXISTS=pthread_create   -o CMakeFiles/cmTryCompileExec832064173.dir/CheckFunctionExists.c.o   -c /usr/share/cmake-2.8/Modules/CheckFunctionExists.c
Linking C executable cmTryCompileExec832064173
/usr/bin/cmake -E cmake_link_script CMakeFiles/cmTryCompileExec832064173.dir/link.txt --verbose=1
/usr/bin/cc   -DCHECK_FUNCTION_EXISTS=pthread_create    CMakeFiles/cmTryCompileExec832064173.dir/CheckFunctionExists.c.o  -o cmTryCompileExec832064173 -rdynamic -lpthread 
make[1]: Leaving directory `/home/redsphinx/Projects/APC1/streetSoccerModule/build-naoqi-sdk/CMakeFiles/CMakeTmp'


Determining if files pthread.h exist passed with the following output:
Change Dir: /home/redsphinx/Projects/APC1/streetSoccerModule/build-naoqi-sdk/CMakeFiles/CMakeTmp

Run Build Command:/usr/bin/make "cmTryCompileExec833220412/fast"
/usr/bin/make -f CMakeFiles/cmTryCompileExec833220412.dir/build.make CMakeFiles/cmTryCompileExec833220412.dir/build
make[1]: Entering directory `/home/redsphinx/Projects/APC1/streetSoccerModule/build-naoqi-sdk/CMakeFiles/CMakeTmp'
/usr/bin/cmake -E cmake_progress_report /home/redsphinx/Projects/APC1/streetSoccerModule/build-naoqi-sdk/CMakeFiles/CMakeTmp/CMakeFiles 1
Building C object CMakeFiles/cmTryCompileExec833220412.dir/CheckIncludeFiles.c.o
/usr/bin/cc    -o CMakeFiles/cmTryCompileExec833220412.dir/CheckIncludeFiles.c.o   -c /home/redsphinx/Projects/APC1/streetSoccerModule/build-naoqi-sdk/CMakeFiles/CMakeTmp/CheckIncludeFiles.c
Linking C executable cmTryCompileExec833220412
/usr/bin/cmake -E cmake_link_script CMakeFiles/cmTryCompileExec833220412.dir/link.txt --verbose=1
/usr/bin/cc       CMakeFiles/cmTryCompileExec833220412.dir/CheckIncludeFiles.c.o  -o cmTryCompileExec833220412 -rdynamic 
make[1]: Leaving directory `/home/redsphinx/Projects/APC1/streetSoccerModule/build-naoqi-sdk/CMakeFiles/CMakeTmp'


Determining if the function pthread_create exists in the pthread passed with the following output:
Change Dir: /home/redsphinx/Projects/APC1/streetSoccerModule/build-naoqi-sdk/CMakeFiles/CMakeTmp

Run Build Command:/usr/bin/make "cmTryCompileExec2392523513/fast"
/usr/bin/make -f CMakeFiles/cmTryCompileExec2392523513.dir/build.make CMakeFiles/cmTryCompileExec2392523513.dir/build
make[1]: Entering directory `/home/redsphinx/Projects/APC1/streetSoccerModule/build-naoqi-sdk/CMakeFiles/CMakeTmp'
/usr/bin/cmake -E cmake_progress_report /home/redsphinx/Projects/APC1/streetSoccerModule/build-naoqi-sdk/CMakeFiles/CMakeTmp/CMakeFiles 1
Building C object CMakeFiles/cmTryCompileExec2392523513.dir/CheckFunctionExists.c.o
/usr/bin/cc   -DCHECK_FUNCTION_EXISTS=pthread_create   -o CMakeFiles/cmTryCompileExec2392523513.dir/CheckFunctionExists.c.o   -c /usr/share/cmake-2.8/Modules/CheckFunctionExists.c
Linking C executable cmTryCompileExec2392523513
/usr/bin/cmake -E cmake_link_script CMakeFiles/cmTryCompileExec2392523513.dir/link.txt --verbose=1
/usr/bin/cc   -DCHECK_FUNCTION_EXISTS=pthread_create    CMakeFiles/cmTryCompileExec2392523513.dir/CheckFunctionExists.c.o  -o cmTryCompileExec2392523513 -rdynamic -lpthread 
make[1]: Leaving directory `/home/redsphinx/Projects/APC1/streetSoccerModule/build-naoqi-sdk/CMakeFiles/CMakeTmp'


Determining if files pthread.h exist passed with the following output:
Change Dir: /home/redsphinx/Projects/APC1/streetSoccerModule/build-naoqi-sdk/CMakeFiles/CMakeTmp

Run Build Command:/usr/bin/make "cmTryCompileExec2463197738/fast"
/usr/bin/make -f CMakeFiles/cmTryCompileExec2463197738.dir/build.make CMakeFiles/cmTryCompileExec2463197738.dir/build
make[1]: Entering directory `/home/redsphinx/Projects/APC1/streetSoccerModule/build-naoqi-sdk/CMakeFiles/CMakeTmp'
/usr/bin/cmake -E cmake_progress_report /home/redsphinx/Projects/APC1/streetSoccerModule/build-naoqi-sdk/CMakeFiles/CMakeTmp/CMakeFiles 1
Building C object CMakeFiles/cmTryCompileExec2463197738.dir/CheckIncludeFiles.c.o
/usr/bin/cc    -o CMakeFiles/cmTryCompileExec2463197738.dir/CheckIncludeFiles.c.o   -c /home/redsphinx/Projects/APC1/streetSoccerModule/build-naoqi-sdk/CMakeFiles/CMakeTmp/CheckIncludeFiles.c
Linking C executable cmTryCompileExec2463197738
/usr/bin/cmake -E cmake_link_script CMakeFiles/cmTryCompileExec2463197738.dir/link.txt --verbose=1
/usr/bin/cc       CMakeFiles/cmTryCompileExec2463197738.dir/CheckIncludeFiles.c.o  -o cmTryCompileExec2463197738 -rdynamic 
make[1]: Leaving directory `/home/redsphinx/Projects/APC1/streetSoccerModule/build-naoqi-sdk/CMakeFiles/CMakeTmp'


Determining if the function pthread_create exists in the pthread passed with the following output:
Change Dir: /home/redsphinx/Projects/APC1/streetSoccerModule/build-naoqi-sdk/CMakeFiles/CMakeTmp

Run Build Command:/usr/bin/make "cmTryCompileExec1726696247/fast"
/usr/bin/make -f CMakeFiles/cmTryCompileExec1726696247.dir/build.make CMakeFiles/cmTryCompileExec1726696247.dir/build
make[1]: Entering directory `/home/redsphinx/Projects/APC1/streetSoccerModule/build-naoqi-sdk/CMakeFiles/CMakeTmp'
/usr/bin/cmake -E cmake_progress_report /home/redsphinx/Projects/APC1/streetSoccerModule/build-naoqi-sdk/CMakeFiles/CMakeTmp/CMakeFiles 1
Building C object CMakeFiles/cmTryCompileExec1726696247.dir/CheckFunctionExists.c.o
/usr/bin/cc   -DCHECK_FUNCTION_EXISTS=pthread_create   -o CMakeFiles/cmTryCompileExec1726696247.dir/CheckFunctionExists.c.o   -c /usr/share/cmake-2.8/Modules/CheckFunctionExists.c
Linking C executable cmTryCompileExec1726696247
/usr/bin/cmake -E cmake_link_script CMakeFiles/cmTryCompileExec1726696247.dir/link.txt --verbose=1
/usr/bin/cc   -DCHECK_FUNCTION_EXISTS=pthread_create    CMakeFiles/cmTryCompileExec1726696247.dir/CheckFunctionExists.c.o  -o cmTryCompileExec1726696247 -rdynamic -lpthread 
make[1]: Leaving directory `/home/redsphinx/Projects/APC1/streetSoccerModule/build-naoqi-sdk/CMakeFiles/CMakeTmp'


Determining if files pthread.h exist passed with the following output:
Change Dir: /home/redsphinx/Projects/APC1/streetSoccerModule/build-naoqi-sdk/CMakeFiles/CMakeTmp

Run Build Command:/usr/bin/make "cmTryCompileExec1767418084/fast"
/usr/bin/make -f CMakeFiles/cmTryCompileExec1767418084.dir/build.make CMakeFiles/cmTryCompileExec1767418084.dir/build
make[1]: Entering directory `/home/redsphinx/Projects/APC1/streetSoccerModule/build-naoqi-sdk/CMakeFiles/CMakeTmp'
/usr/bin/cmake -E cmake_progress_report /home/redsphinx/Projects/APC1/streetSoccerModule/build-naoqi-sdk/CMakeFiles/CMakeTmp/CMakeFiles 1
Building C object CMakeFiles/cmTryCompileExec1767418084.dir/CheckIncludeFiles.c.o
/usr/bin/cc    -o CMakeFiles/cmTryCompileExec1767418084.dir/CheckIncludeFiles.c.o   -c /home/redsphinx/Projects/APC1/streetSoccerModule/build-naoqi-sdk/CMakeFiles/CMakeTmp/CheckIncludeFiles.c
Linking C executable cmTryCompileExec1767418084
/usr/bin/cmake -E cmake_link_script CMakeFiles/cmTryCompileExec1767418084.dir/link.txt --verbose=1
/usr/bin/cc       CMakeFiles/cmTryCompileExec1767418084.dir/CheckIncludeFiles.c.o  -o cmTryCompileExec1767418084 -rdynamic 
make[1]: Leaving directory `/home/redsphinx/Projects/APC1/streetSoccerModule/build-naoqi-sdk/CMakeFiles/CMakeTmp'


Determining if the function pthread_create exists in the pthread passed with the following output:
Change Dir: /home/redsphinx/Projects/APC1/streetSoccerModule/build-naoqi-sdk/CMakeFiles/CMakeTmp

Run Build Command:/usr/bin/make "cmTryCompileExec774511215/fast"
/usr/bin/make -f CMakeFiles/cmTryCompileExec774511215.dir/build.make CMakeFiles/cmTryCompileExec774511215.dir/build
make[1]: Entering directory `/home/redsphinx/Projects/APC1/streetSoccerModule/build-naoqi-sdk/CMakeFiles/CMakeTmp'
/usr/bin/cmake -E cmake_progress_report /home/redsphinx/Projects/APC1/streetSoccerModule/build-naoqi-sdk/CMakeFiles/CMakeTmp/CMakeFiles 1
Building C object CMakeFiles/cmTryCompileExec774511215.dir/CheckFunctionExists.c.o
/usr/bin/cc   -DCHECK_FUNCTION_EXISTS=pthread_create   -o CMakeFiles/cmTryCompileExec774511215.dir/CheckFunctionExists.c.o   -c /usr/share/cmake-2.8/Modules/CheckFunctionExists.c
Linking C executable cmTryCompileExec774511215
/usr/bin/cmake -E cmake_link_script CMakeFiles/cmTryCompileExec774511215.dir/link.txt --verbose=1
/usr/bin/cc   -DCHECK_FUNCTION_EXISTS=pthread_create    CMakeFiles/cmTryCompileExec774511215.dir/CheckFunctionExists.c.o  -o cmTryCompileExec774511215 -rdynamic -lpthread 
make[1]: Leaving directory `/home/redsphinx/Projects/APC1/streetSoccerModule/build-naoqi-sdk/CMakeFiles/CMakeTmp'


Determining if files pthread.h exist passed with the following output:
Change Dir: /home/redsphinx/Projects/APC1/streetSoccerModule/build-naoqi-sdk/CMakeFiles/CMakeTmp

Run Build Command:/usr/bin/make "cmTryCompileExec1941132751/fast"
/usr/bin/make -f CMakeFiles/cmTryCompileExec1941132751.dir/build.make CMakeFiles/cmTryCompileExec1941132751.dir/build
make[1]: Entering directory `/home/redsphinx/Projects/APC1/streetSoccerModule/build-naoqi-sdk/CMakeFiles/CMakeTmp'
/usr/bin/cmake -E cmake_progress_report /home/redsphinx/Projects/APC1/streetSoccerModule/build-naoqi-sdk/CMakeFiles/CMakeTmp/CMakeFiles 1
Building C object CMakeFiles/cmTryCompileExec1941132751.dir/CheckIncludeFiles.c.o
/usr/bin/cc    -o CMakeFiles/cmTryCompileExec1941132751.dir/CheckIncludeFiles.c.o   -c /home/redsphinx/Projects/APC1/streetSoccerModule/build-naoqi-sdk/CMakeFiles/CMakeTmp/CheckIncludeFiles.c
Linking C executable cmTryCompileExec1941132751
/usr/bin/cmake -E cmake_link_script CMakeFiles/cmTryCompileExec1941132751.dir/link.txt --verbose=1
/usr/bin/cc       CMakeFiles/cmTryCompileExec1941132751.dir/CheckIncludeFiles.c.o  -o cmTryCompileExec1941132751 -rdynamic 
make[1]: Leaving directory `/home/redsphinx/Projects/APC1/streetSoccerModule/build-naoqi-sdk/CMakeFiles/CMakeTmp'


Determining if the function pthread_create exists in the pthread passed with the following output:
Change Dir: /home/redsphinx/Projects/APC1/streetSoccerModule/build-naoqi-sdk/CMakeFiles/CMakeTmp

Run Build Command:/usr/bin/make "cmTryCompileExec2688659408/fast"
/usr/bin/make -f CMakeFiles/cmTryCompileExec2688659408.dir/build.make CMakeFiles/cmTryCompileExec2688659408.dir/build
make[1]: Entering directory `/home/redsphinx/Projects/APC1/streetSoccerModule/build-naoqi-sdk/CMakeFiles/CMakeTmp'
/usr/bin/cmake -E cmake_progress_report /home/redsphinx/Projects/APC1/streetSoccerModule/build-naoqi-sdk/CMakeFiles/CMakeTmp/CMakeFiles 1
Building C object CMakeFiles/cmTryCompileExec2688659408.dir/CheckFunctionExists.c.o
/usr/bin/cc   -DCHECK_FUNCTION_EXISTS=pthread_create   -o CMakeFiles/cmTryCompileExec2688659408.dir/CheckFunctionExists.c.o   -c /usr/share/cmake-2.8/Modules/CheckFunctionExists.c
Linking C executable cmTryCompileExec2688659408
/usr/bin/cmake -E cmake_link_script CMakeFiles/cmTryCompileExec2688659408.dir/link.txt --verbose=1
/usr/bin/cc   -DCHECK_FUNCTION_EXISTS=pthread_create    CMakeFiles/cmTryCompileExec2688659408.dir/CheckFunctionExists.c.o  -o cmTryCompileExec2688659408 -rdynamic -lpthread 
make[1]: Leaving directory `/home/redsphinx/Projects/APC1/streetSoccerModule/build-naoqi-sdk/CMakeFiles/CMakeTmp'


Determining if files pthread.h exist passed with the following output:
Change Dir: /home/redsphinx/Projects/APC1/streetSoccerModule/build-naoqi-sdk/CMakeFiles/CMakeTmp

Run Build Command:/usr/bin/make "cmTryCompileExec1978351050/fast"
/usr/bin/make -f CMakeFiles/cmTryCompileExec1978351050.dir/build.make CMakeFiles/cmTryCompileExec1978351050.dir/build
make[1]: Entering directory `/home/redsphinx/Projects/APC1/streetSoccerModule/build-naoqi-sdk/CMakeFiles/CMakeTmp'
/usr/bin/cmake -E cmake_progress_report /home/redsphinx/Projects/APC1/streetSoccerModule/build-naoqi-sdk/CMakeFiles/CMakeTmp/CMakeFiles 1
Building C object CMakeFiles/cmTryCompileExec1978351050.dir/CheckIncludeFiles.c.o
/usr/bin/cc    -o CMakeFiles/cmTryCompileExec1978351050.dir/CheckIncludeFiles.c.o   -c /home/redsphinx/Projects/APC1/streetSoccerModule/build-naoqi-sdk/CMakeFiles/CMakeTmp/CheckIncludeFiles.c
Linking C executable cmTryCompileExec1978351050
/usr/bin/cmake -E cmake_link_script CMakeFiles/cmTryCompileExec1978351050.dir/link.txt --verbose=1
/usr/bin/cc       CMakeFiles/cmTryCompileExec1978351050.dir/CheckIncludeFiles.c.o  -o cmTryCompileExec1978351050 -rdynamic 
make[1]: Leaving directory `/home/redsphinx/Projects/APC1/streetSoccerModule/build-naoqi-sdk/CMakeFiles/CMakeTmp'


Determining if the function pthread_create exists in the pthread passed with the following output:
Change Dir: /home/redsphinx/Projects/APC1/streetSoccerModule/build-naoqi-sdk/CMakeFiles/CMakeTmp

Run Build Command:/usr/bin/make "cmTryCompileExec508253465/fast"
/usr/bin/make -f CMakeFiles/cmTryCompileExec508253465.dir/build.make CMakeFiles/cmTryCompileExec508253465.dir/build
make[1]: Entering directory `/home/redsphinx/Projects/APC1/streetSoccerModule/build-naoqi-sdk/CMakeFiles/CMakeTmp'
/usr/bin/cmake -E cmake_progress_report /home/redsphinx/Projects/APC1/streetSoccerModule/build-naoqi-sdk/CMakeFiles/CMakeTmp/CMakeFiles 1
Building C object CMakeFiles/cmTryCompileExec508253465.dir/CheckFunctionExists.c.o
/usr/bin/cc   -DCHECK_FUNCTION_EXISTS=pthread_create   -o CMakeFiles/cmTryCompileExec508253465.dir/CheckFunctionExists.c.o   -c /usr/share/cmake-2.8/Modules/CheckFunctionExists.c
Linking C executable cmTryCompileExec508253465
/usr/bin/cmake -E cmake_link_script CMakeFiles/cmTryCompileExec508253465.dir/link.txt --verbose=1
/usr/bin/cc   -DCHECK_FUNCTION_EXISTS=pthread_create    CMakeFiles/cmTryCompileExec508253465.dir/CheckFunctionExists.c.o  -o cmTryCompileExec508253465 -rdynamic -lpthread 
make[1]: Leaving directory `/home/redsphinx/Projects/APC1/streetSoccerModule/build-naoqi-sdk/CMakeFiles/CMakeTmp'


Determining if files pthread.h exist passed with the following output:
Change Dir: /home/redsphinx/Projects/APC1/streetSoccerModule/build-naoqi-sdk/CMakeFiles/CMakeTmp

Run Build Command:/usr/bin/make "cmTryCompileExec3402780355/fast"
/usr/bin/make -f CMakeFiles/cmTryCompileExec3402780355.dir/build.make CMakeFiles/cmTryCompileExec3402780355.dir/build
make[1]: Entering directory `/home/redsphinx/Projects/APC1/streetSoccerModule/build-naoqi-sdk/CMakeFiles/CMakeTmp'
/usr/bin/cmake -E cmake_progress_report /home/redsphinx/Projects/APC1/streetSoccerModule/build-naoqi-sdk/CMakeFiles/CMakeTmp/CMakeFiles 1
Building C object CMakeFiles/cmTryCompileExec3402780355.dir/CheckIncludeFiles.c.o
/usr/bin/cc    -o CMakeFiles/cmTryCompileExec3402780355.dir/CheckIncludeFiles.c.o   -c /home/redsphinx/Projects/APC1/streetSoccerModule/build-naoqi-sdk/CMakeFiles/CMakeTmp/CheckIncludeFiles.c
Linking C executable cmTryCompileExec3402780355
/usr/bin/cmake -E cmake_link_script CMakeFiles/cmTryCompileExec3402780355.dir/link.txt --verbose=1
/usr/bin/cc       CMakeFiles/cmTryCompileExec3402780355.dir/CheckIncludeFiles.c.o  -o cmTryCompileExec3402780355 -rdynamic 
make[1]: Leaving directory `/home/redsphinx/Projects/APC1/streetSoccerModule/build-naoqi-sdk/CMakeFiles/CMakeTmp'


Determining if the function pthread_create exists in the pthread passed with the following output:
Change Dir: /home/redsphinx/Projects/APC1/streetSoccerModule/build-naoqi-sdk/CMakeFiles/CMakeTmp

Run Build Command:/usr/bin/make "cmTryCompileExec3184809703/fast"
/usr/bin/make -f CMakeFiles/cmTryCompileExec3184809703.dir/build.make CMakeFiles/cmTryCompileExec3184809703.dir/build
make[1]: Entering directory `/home/redsphinx/Projects/APC1/streetSoccerModule/build-naoqi-sdk/CMakeFiles/CMakeTmp'
/usr/bin/cmake -E cmake_progress_report /home/redsphinx/Projects/APC1/streetSoccerModule/build-naoqi-sdk/CMakeFiles/CMakeTmp/CMakeFiles 1
Building C object CMakeFiles/cmTryCompileExec3184809703.dir/CheckFunctionExists.c.o
/usr/bin/cc   -DCHECK_FUNCTION_EXISTS=pthread_create   -o CMakeFiles/cmTryCompileExec3184809703.dir/CheckFunctionExists.c.o   -c /usr/share/cmake-2.8/Modules/CheckFunctionExists.c
Linking C executable cmTryCompileExec3184809703
/usr/bin/cmake -E cmake_link_script CMakeFiles/cmTryCompileExec3184809703.dir/link.txt --verbose=1
/usr/bin/cc   -DCHECK_FUNCTION_EXISTS=pthread_create    CMakeFiles/cmTryCompileExec3184809703.dir/CheckFunctionExists.c.o  -o cmTryCompileExec3184809703 -rdynamic -lpthread 
make[1]: Leaving directory `/home/redsphinx/Projects/APC1/streetSoccerModule/build-naoqi-sdk/CMakeFiles/CMakeTmp'


Determining if files pthread.h exist passed with the following output:
Change Dir: /home/redsphinx/Projects/APC1/streetSoccerModule/build-naoqi-sdk/CMakeFiles/CMakeTmp

Run Build Command:/usr/bin/make "cmTryCompileExec1633442631/fast"
/usr/bin/make -f CMakeFiles/cmTryCompileExec1633442631.dir/build.make CMakeFiles/cmTryCompileExec1633442631.dir/build
make[1]: Entering directory `/home/redsphinx/Projects/APC1/streetSoccerModule/build-naoqi-sdk/CMakeFiles/CMakeTmp'
/usr/bin/cmake -E cmake_progress_report /home/redsphinx/Projects/APC1/streetSoccerModule/build-naoqi-sdk/CMakeFiles/CMakeTmp/CMakeFiles 1
Building C object CMakeFiles/cmTryCompileExec1633442631.dir/CheckIncludeFiles.c.o
/usr/bin/cc    -o CMakeFiles/cmTryCompileExec1633442631.dir/CheckIncludeFiles.c.o   -c /home/redsphinx/Projects/APC1/streetSoccerModule/build-naoqi-sdk/CMakeFiles/CMakeTmp/CheckIncludeFiles.c
Linking C executable cmTryCompileExec1633442631
/usr/bin/cmake -E cmake_link_script CMakeFiles/cmTryCompileExec1633442631.dir/link.txt --verbose=1
/usr/bin/cc       CMakeFiles/cmTryCompileExec1633442631.dir/CheckIncludeFiles.c.o  -o cmTryCompileExec1633442631 -rdynamic 
make[1]: Leaving directory `/home/redsphinx/Projects/APC1/streetSoccerModule/build-naoqi-sdk/CMakeFiles/CMakeTmp'


Determining if the function pthread_create exists in the pthread passed with the following output:
Change Dir: /home/redsphinx/Projects/APC1/streetSoccerModule/build-naoqi-sdk/CMakeFiles/CMakeTmp

Run Build Command:/usr/bin/make "cmTryCompileExec4003323797/fast"
/usr/bin/make -f CMakeFiles/cmTryCompileExec4003323797.dir/build.make CMakeFiles/cmTryCompileExec4003323797.dir/build
make[1]: Entering directory `/home/redsphinx/Projects/APC1/streetSoccerModule/build-naoqi-sdk/CMakeFiles/CMakeTmp'
/usr/bin/cmake -E cmake_progress_report /home/redsphinx/Projects/APC1/streetSoccerModule/build-naoqi-sdk/CMakeFiles/CMakeTmp/CMakeFiles 1
Building C object CMakeFiles/cmTryCompileExec4003323797.dir/CheckFunctionExists.c.o
/usr/bin/cc   -DCHECK_FUNCTION_EXISTS=pthread_create   -o CMakeFiles/cmTryCompileExec4003323797.dir/CheckFunctionExists.c.o   -c /usr/share/cmake-2.8/Modules/CheckFunctionExists.c
Linking C executable cmTryCompileExec4003323797
/usr/bin/cmake -E cmake_link_script CMakeFiles/cmTryCompileExec4003323797.dir/link.txt --verbose=1
/usr/bin/cc   -DCHECK_FUNCTION_EXISTS=pthread_create    CMakeFiles/cmTryCompileExec4003323797.dir/CheckFunctionExists.c.o  -o cmTryCompileExec4003323797 -rdynamic -lpthread 
make[1]: Leaving directory `/home/redsphinx/Projects/APC1/streetSoccerModule/build-naoqi-sdk/CMakeFiles/CMakeTmp'


Determining if files pthread.h exist passed with the following output:
Change Dir: /home/redsphinx/Projects/APC1/streetSoccerModule/build-naoqi-sdk/CMakeFiles/CMakeTmp

Run Build Command:/usr/bin/make "cmTryCompileExec455161137/fast"
/usr/bin/make -f CMakeFiles/cmTryCompileExec455161137.dir/build.make CMakeFiles/cmTryCompileExec455161137.dir/build
make[1]: Entering directory `/home/redsphinx/Projects/APC1/streetSoccerModule/build-naoqi-sdk/CMakeFiles/CMakeTmp'
/usr/bin/cmake -E cmake_progress_report /home/redsphinx/Projects/APC1/streetSoccerModule/build-naoqi-sdk/CMakeFiles/CMakeTmp/CMakeFiles 1
Building C object CMakeFiles/cmTryCompileExec455161137.dir/CheckIncludeFiles.c.o
/usr/bin/cc    -o CMakeFiles/cmTryCompileExec455161137.dir/CheckIncludeFiles.c.o   -c /home/redsphinx/Projects/APC1/streetSoccerModule/build-naoqi-sdk/CMakeFiles/CMakeTmp/CheckIncludeFiles.c
Linking C executable cmTryCompileExec455161137
/usr/bin/cmake -E cmake_link_script CMakeFiles/cmTryCompileExec455161137.dir/link.txt --verbose=1
/usr/bin/cc       CMakeFiles/cmTryCompileExec455161137.dir/CheckIncludeFiles.c.o  -o cmTryCompileExec455161137 -rdynamic 
make[1]: Leaving directory `/home/redsphinx/Projects/APC1/streetSoccerModule/build-naoqi-sdk/CMakeFiles/CMakeTmp'


Determining if the function pthread_create exists in the pthread passed with the following output:
Change Dir: /home/redsphinx/Projects/APC1/streetSoccerModule/build-naoqi-sdk/CMakeFiles/CMakeTmp

Run Build Command:/usr/bin/make "cmTryCompileExec1289634739/fast"
/usr/bin/make -f CMakeFiles/cmTryCompileExec1289634739.dir/build.make CMakeFiles/cmTryCompileExec1289634739.dir/build
make[1]: Entering directory `/home/redsphinx/Projects/APC1/streetSoccerModule/build-naoqi-sdk/CMakeFiles/CMakeTmp'
/usr/bin/cmake -E cmake_progress_report /home/redsphinx/Projects/APC1/streetSoccerModule/build-naoqi-sdk/CMakeFiles/CMakeTmp/CMakeFiles 1
Building C object CMakeFiles/cmTryCompileExec1289634739.dir/CheckFunctionExists.c.o
/usr/bin/cc   -DCHECK_FUNCTION_EXISTS=pthread_create   -o CMakeFiles/cmTryCompileExec1289634739.dir/CheckFunctionExists.c.o   -c /usr/share/cmake-2.8/Modules/CheckFunctionExists.c
Linking C executable cmTryCompileExec1289634739
/usr/bin/cmake -E cmake_link_script CMakeFiles/cmTryCompileExec1289634739.dir/link.txt --verbose=1
/usr/bin/cc   -DCHECK_FUNCTION_EXISTS=pthread_create    CMakeFiles/cmTryCompileExec1289634739.dir/CheckFunctionExists.c.o  -o cmTryCompileExec1289634739 -rdynamic -lpthread 
make[1]: Leaving directory `/home/redsphinx/Projects/APC1/streetSoccerModule/build-naoqi-sdk/CMakeFiles/CMakeTmp'


Determining if files pthread.h exist passed with the following output:
Change Dir: /home/redsphinx/Projects/APC1/streetSoccerModule/build-naoqi-sdk/CMakeFiles/CMakeTmp

Run Build Command:/usr/bin/make "cmTryCompileExec979091114/fast"
/usr/bin/make -f CMakeFiles/cmTryCompileExec979091114.dir/build.make CMakeFiles/cmTryCompileExec979091114.dir/build
make[1]: Entering directory `/home/redsphinx/Projects/APC1/streetSoccerModule/build-naoqi-sdk/CMakeFiles/CMakeTmp'
/usr/bin/cmake -E cmake_progress_report /home/redsphinx/Projects/APC1/streetSoccerModule/build-naoqi-sdk/CMakeFiles/CMakeTmp/CMakeFiles 1
Building C object CMakeFiles/cmTryCompileExec979091114.dir/CheckIncludeFiles.c.o
/usr/bin/cc    -o CMakeFiles/cmTryCompileExec979091114.dir/CheckIncludeFiles.c.o   -c /home/redsphinx/Projects/APC1/streetSoccerModule/build-naoqi-sdk/CMakeFiles/CMakeTmp/CheckIncludeFiles.c
Linking C executable cmTryCompileExec979091114
/usr/bin/cmake -E cmake_link_script CMakeFiles/cmTryCompileExec979091114.dir/link.txt --verbose=1
/usr/bin/cc       CMakeFiles/cmTryCompileExec979091114.dir/CheckIncludeFiles.c.o  -o cmTryCompileExec979091114 -rdynamic 
make[1]: Leaving directory `/home/redsphinx/Projects/APC1/streetSoccerModule/build-naoqi-sdk/CMakeFiles/CMakeTmp'


Determining if the function pthread_create exists in the pthread passed with the following output:
Change Dir: /home/redsphinx/Projects/APC1/streetSoccerModule/build-naoqi-sdk/CMakeFiles/CMakeTmp

Run Build Command:/usr/bin/make "cmTryCompileExec1529728497/fast"
/usr/bin/make -f CMakeFiles/cmTryCompileExec1529728497.dir/build.make CMakeFiles/cmTryCompileExec1529728497.dir/build
make[1]: Entering directory `/home/redsphinx/Projects/APC1/streetSoccerModule/build-naoqi-sdk/CMakeFiles/CMakeTmp'
/usr/bin/cmake -E cmake_progress_report /home/redsphinx/Projects/APC1/streetSoccerModule/build-naoqi-sdk/CMakeFiles/CMakeTmp/CMakeFiles 1
Building C object CMakeFiles/cmTryCompileExec1529728497.dir/CheckFunctionExists.c.o
/usr/bin/cc   -DCHECK_FUNCTION_EXISTS=pthread_create   -o CMakeFiles/cmTryCompileExec1529728497.dir/CheckFunctionExists.c.o   -c /usr/share/cmake-2.8/Modules/CheckFunctionExists.c
Linking C executable cmTryCompileExec1529728497
/usr/bin/cmake -E cmake_link_script CMakeFiles/cmTryCompileExec1529728497.dir/link.txt --verbose=1
/usr/bin/cc   -DCHECK_FUNCTION_EXISTS=pthread_create    CMakeFiles/cmTryCompileExec1529728497.dir/CheckFunctionExists.c.o  -o cmTryCompileExec1529728497 -rdynamic -lpthread 
make[1]: Leaving directory `/home/redsphinx/Projects/APC1/streetSoccerModule/build-naoqi-sdk/CMakeFiles/CMakeTmp'


Determining if files pthread.h exist passed with the following output:
Change Dir: /home/redsphinx/Projects/APC1/streetSoccerModule/build-naoqi-sdk/CMakeFiles/CMakeTmp

Run Build Command:/usr/bin/make "cmTryCompileExec616766669/fast"
/usr/bin/make -f CMakeFiles/cmTryCompileExec616766669.dir/build.make CMakeFiles/cmTryCompileExec616766669.dir/build
make[1]: Entering directory `/home/redsphinx/Projects/APC1/streetSoccerModule/build-naoqi-sdk/CMakeFiles/CMakeTmp'
/usr/bin/cmake -E cmake_progress_report /home/redsphinx/Projects/APC1/streetSoccerModule/build-naoqi-sdk/CMakeFiles/CMakeTmp/CMakeFiles 1
Building C object CMakeFiles/cmTryCompileExec616766669.dir/CheckIncludeFiles.c.o
/usr/bin/cc    -o CMakeFiles/cmTryCompileExec616766669.dir/CheckIncludeFiles.c.o   -c /home/redsphinx/Projects/APC1/streetSoccerModule/build-naoqi-sdk/CMakeFiles/CMakeTmp/CheckIncludeFiles.c
Linking C executable cmTryCompileExec616766669
/usr/bin/cmake -E cmake_link_script CMakeFiles/cmTryCompileExec616766669.dir/link.txt --verbose=1
/usr/bin/cc       CMakeFiles/cmTryCompileExec616766669.dir/CheckIncludeFiles.c.o  -o cmTryCompileExec616766669 -rdynamic 
make[1]: Leaving directory `/home/redsphinx/Projects/APC1/streetSoccerModule/build-naoqi-sdk/CMakeFiles/CMakeTmp'


Determining if the function pthread_create exists in the pthread passed with the following output:
Change Dir: /home/redsphinx/Projects/APC1/streetSoccerModule/build-naoqi-sdk/CMakeFiles/CMakeTmp

Run Build Command:/usr/bin/make "cmTryCompileExec2981077691/fast"
/usr/bin/make -f CMakeFiles/cmTryCompileExec2981077691.dir/build.make CMakeFiles/cmTryCompileExec2981077691.dir/build
make[1]: Entering directory `/home/redsphinx/Projects/APC1/streetSoccerModule/build-naoqi-sdk/CMakeFiles/CMakeTmp'
/usr/bin/cmake -E cmake_progress_report /home/redsphinx/Projects/APC1/streetSoccerModule/build-naoqi-sdk/CMakeFiles/CMakeTmp/CMakeFiles 1
Building C object CMakeFiles/cmTryCompileExec2981077691.dir/CheckFunctionExists.c.o
/usr/bin/cc   -DCHECK_FUNCTION_EXISTS=pthread_create   -o CMakeFiles/cmTryCompileExec2981077691.dir/CheckFunctionExists.c.o   -c /usr/share/cmake-2.8/Modules/CheckFunctionExists.c
Linking C executable cmTryCompileExec2981077691
/usr/bin/cmake -E cmake_link_script CMakeFiles/cmTryCompileExec2981077691.dir/link.txt --verbose=1
/usr/bin/cc   -DCHECK_FUNCTION_EXISTS=pthread_create    CMakeFiles/cmTryCompileExec2981077691.dir/CheckFunctionExists.c.o  -o cmTryCompileExec2981077691 -rdynamic -lpthread 
make[1]: Leaving directory `/home/redsphinx/Projects/APC1/streetSoccerModule/build-naoqi-sdk/CMakeFiles/CMakeTmp'


Determining if files pthread.h exist passed with the following output:
Change Dir: /home/redsphinx/Projects/APC1/streetSoccerModule/build-naoqi-sdk/CMakeFiles/CMakeTmp

Run Build Command:/usr/bin/make "cmTryCompileExec4294264389/fast"
/usr/bin/make -f CMakeFiles/cmTryCompileExec4294264389.dir/build.make CMakeFiles/cmTryCompileExec4294264389.dir/build
make[1]: Entering directory `/home/redsphinx/Projects/APC1/streetSoccerModule/build-naoqi-sdk/CMakeFiles/CMakeTmp'
/usr/bin/cmake -E cmake_progress_report /home/redsphinx/Projects/APC1/streetSoccerModule/build-naoqi-sdk/CMakeFiles/CMakeTmp/CMakeFiles 1
Building C object CMakeFiles/cmTryCompileExec4294264389.dir/CheckIncludeFiles.c.o
/usr/bin/cc    -o CMakeFiles/cmTryCompileExec4294264389.dir/CheckIncludeFiles.c.o   -c /home/redsphinx/Projects/APC1/streetSoccerModule/build-naoqi-sdk/CMakeFiles/CMakeTmp/CheckIncludeFiles.c
Linking C executable cmTryCompileExec4294264389
/usr/bin/cmake -E cmake_link_script CMakeFiles/cmTryCompileExec4294264389.dir/link.txt --verbose=1
/usr/bin/cc       CMakeFiles/cmTryCompileExec4294264389.dir/CheckIncludeFiles.c.o  -o cmTryCompileExec4294264389 -rdynamic 
make[1]: Leaving directory `/home/redsphinx/Projects/APC1/streetSoccerModule/build-naoqi-sdk/CMakeFiles/CMakeTmp'


Determining if the function pthread_create exists in the pthread passed with the following output:
Change Dir: /home/redsphinx/Projects/APC1/streetSoccerModule/build-naoqi-sdk/CMakeFiles/CMakeTmp

Run Build Command:/usr/bin/make "cmTryCompileExec2287468030/fast"
/usr/bin/make -f CMakeFiles/cmTryCompileExec2287468030.dir/build.make CMakeFiles/cmTryCompileExec2287468030.dir/build
make[1]: Entering directory `/home/redsphinx/Projects/APC1/streetSoccerModule/build-naoqi-sdk/CMakeFiles/CMakeTmp'
/usr/bin/cmake -E cmake_progress_report /home/redsphinx/Projects/APC1/streetSoccerModule/build-naoqi-sdk/CMakeFiles/CMakeTmp/CMakeFiles 1
Building C object CMakeFiles/cmTryCompileExec2287468030.dir/CheckFunctionExists.c.o
/usr/bin/cc   -DCHECK_FUNCTION_EXISTS=pthread_create   -o CMakeFiles/cmTryCompileExec2287468030.dir/CheckFunctionExists.c.o   -c /usr/share/cmake-2.8/Modules/CheckFunctionExists.c
Linking C executable cmTryCompileExec2287468030
/usr/bin/cmake -E cmake_link_script CMakeFiles/cmTryCompileExec2287468030.dir/link.txt --verbose=1
/usr/bin/cc   -DCHECK_FUNCTION_EXISTS=pthread_create    CMakeFiles/cmTryCompileExec2287468030.dir/CheckFunctionExists.c.o  -o cmTryCompileExec2287468030 -rdynamic -lpthread 
make[1]: Leaving directory `/home/redsphinx/Projects/APC1/streetSoccerModule/build-naoqi-sdk/CMakeFiles/CMakeTmp'


